<?xml version="1.0" encoding="UTF-8"?>
<testsuite xmlns:xsi="http://www.w3.org/2001/XMLSchema-instance" xsi:noNamespaceSchemaLocation="https://maven.apache.org/surefire/maven-surefire-plugin/xsd/surefire-test-report.xsd" name="com.shiro.demo.DemoApplicationTests" time="11.872" tests="1" errors="0" skipped="0" failures="0">
  <properties>
    <property name="sun.desktop" value="windows"/>
    <property name="awt.toolkit" value="sun.awt.windows.WToolkit"/>
    <property name="file.encoding.pkg" value="sun.io"/>
    <property name="java.specification.version" value="1.8"/>
    <property name="sun.cpu.isalist" value="amd64"/>
    <property name="sun.jnu.encoding" value="GBK"/>
    <property name="java.class.path" value="C:\Users\Administrator.WIN-IHVBI18K8J9\Desktop\25000725\shiro\target\test-classes;C:\Users\Administrator.WIN-IHVBI18K8J9\Desktop\25000725\shiro\target\classes;E:\Maven\MavenRepository\org\springframework\boot\spring-boot-starter-web\2.1.0.RELEASE\spring-boot-starter-web-2.1.0.RELEASE.jar;E:\Maven\MavenRepository\org\springframework\boot\spring-boot-starter\2.1.0.RELEASE\spring-boot-starter-2.1.0.RELEASE.jar;E:\Maven\MavenRepository\org\springframework\boot\spring-boot\2.1.0.RELEASE\spring-boot-2.1.0.RELEASE.jar;E:\Maven\MavenRepository\org\springframework\boot\spring-boot-autoconfigure\2.1.0.RELEASE\spring-boot-autoconfigure-2.1.0.RELEASE.jar;E:\Maven\MavenRepository\org\springframework\boot\spring-boot-starter-logging\2.1.0.RELEASE\spring-boot-starter-logging-2.1.0.RELEASE.jar;E:\Maven\MavenRepository\ch\qos\logback\logback-classic\1.2.3\logback-classic-1.2.3.jar;E:\Maven\MavenRepository\ch\qos\logback\logback-core\1.2.3\logback-core-1.2.3.jar;E:\Maven\MavenRepository\org\apache\logging\log4j\log4j-to-slf4j\2.11.1\log4j-to-slf4j-2.11.1.jar;E:\Maven\MavenRepository\org\apache\logging\log4j\log4j-api\2.11.1\log4j-api-2.11.1.jar;E:\Maven\MavenRepository\org\slf4j\jul-to-slf4j\1.7.25\jul-to-slf4j-1.7.25.jar;E:\Maven\MavenRepository\javax\annotation\javax.annotation-api\1.3.2\javax.annotation-api-1.3.2.jar;E:\Maven\MavenRepository\org\yaml\snakeyaml\1.23\snakeyaml-1.23.jar;E:\Maven\MavenRepository\org\springframework\boot\spring-boot-starter-json\2.1.0.RELEASE\spring-boot-starter-json-2.1.0.RELEASE.jar;E:\Maven\MavenRepository\com\fasterxml\jackson\core\jackson-databind\2.9.7\jackson-databind-2.9.7.jar;E:\Maven\MavenRepository\com\fasterxml\jackson\core\jackson-annotations\2.9.0\jackson-annotations-2.9.0.jar;E:\Maven\MavenRepository\com\fasterxml\jackson\core\jackson-core\2.9.7\jackson-core-2.9.7.jar;E:\Maven\MavenRepository\com\fasterxml\jackson\datatype\jackson-datatype-jdk8\2.9.7\jackson-datatype-jdk8-2.9.7.jar;E:\Maven\MavenRepository\com\fasterxml\jackson\datatype\jackson-datatype-jsr310\2.9.7\jackson-datatype-jsr310-2.9.7.jar;E:\Maven\MavenRepository\com\fasterxml\jackson\module\jackson-module-parameter-names\2.9.7\jackson-module-parameter-names-2.9.7.jar;E:\Maven\MavenRepository\org\springframework\boot\spring-boot-starter-tomcat\2.1.0.RELEASE\spring-boot-starter-tomcat-2.1.0.RELEASE.jar;E:\Maven\MavenRepository\org\apache\tomcat\embed\tomcat-embed-websocket\9.0.12\tomcat-embed-websocket-9.0.12.jar;E:\Maven\MavenRepository\org\hibernate\validator\hibernate-validator\6.0.13.Final\hibernate-validator-6.0.13.Final.jar;E:\Maven\MavenRepository\javax\validation\validation-api\2.0.1.Final\validation-api-2.0.1.Final.jar;E:\Maven\MavenRepository\org\jboss\logging\jboss-logging\3.3.2.Final\jboss-logging-3.3.2.Final.jar;E:\Maven\MavenRepository\com\fasterxml\classmate\1.4.0\classmate-1.4.0.jar;E:\Maven\MavenRepository\org\springframework\spring-web\5.1.2.RELEASE\spring-web-5.1.2.RELEASE.jar;E:\Maven\MavenRepository\org\springframework\spring-webmvc\5.1.2.RELEASE\spring-webmvc-5.1.2.RELEASE.jar;E:\Maven\MavenRepository\org\springframework\spring-aop\5.1.2.RELEASE\spring-aop-5.1.2.RELEASE.jar;E:\Maven\MavenRepository\org\springframework\spring-expression\5.1.2.RELEASE\spring-expression-5.1.2.RELEASE.jar;E:\Maven\MavenRepository\org\mybatis\spring\boot\mybatis-spring-boot-starter\1.3.2\mybatis-spring-boot-starter-1.3.2.jar;E:\Maven\MavenRepository\org\springframework\boot\spring-boot-starter-jdbc\2.1.0.RELEASE\spring-boot-starter-jdbc-2.1.0.RELEASE.jar;E:\Maven\MavenRepository\com\zaxxer\HikariCP\3.2.0\HikariCP-3.2.0.jar;E:\Maven\MavenRepository\org\springframework\spring-jdbc\5.1.2.RELEASE\spring-jdbc-5.1.2.RELEASE.jar;E:\Maven\MavenRepository\org\springframework\spring-tx\5.1.2.RELEASE\spring-tx-5.1.2.RELEASE.jar;E:\Maven\MavenRepository\org\mybatis\spring\boot\mybatis-spring-boot-autoconfigure\1.3.2\mybatis-spring-boot-autoconfigure-1.3.2.jar;E:\Maven\MavenRepository\org\mybatis\mybatis\3.4.6\mybatis-3.4.6.jar;E:\Maven\MavenRepository\org\mybatis\mybatis-spring\1.3.2\mybatis-spring-1.3.2.jar;E:\Maven\MavenRepository\com\alipay\sdk\alipay-sdk-java\3.7.4.ALL\alipay-sdk-java-3.7.4.ALL.jar;E:\Maven\MavenRepository\commons-logging\commons-logging\1.1.1\commons-logging-1.1.1.jar;E:\Maven\MavenRepository\mysql\mysql-connector-java\5.1.46\mysql-connector-java-5.1.46.jar;E:\Maven\MavenRepository\org\projectlombok\lombok\1.18.2\lombok-1.18.2.jar;E:\Maven\MavenRepository\org\springframework\boot\spring-boot-starter-test\2.1.0.RELEASE\spring-boot-starter-test-2.1.0.RELEASE.jar;E:\Maven\MavenRepository\org\springframework\boot\spring-boot-test\2.1.0.RELEASE\spring-boot-test-2.1.0.RELEASE.jar;E:\Maven\MavenRepository\org\springframework\boot\spring-boot-test-autoconfigure\2.1.0.RELEASE\spring-boot-test-autoconfigure-2.1.0.RELEASE.jar;E:\Maven\MavenRepository\com\jayway\jsonpath\json-path\2.4.0\json-path-2.4.0.jar;E:\Maven\MavenRepository\net\minidev\json-smart\2.3\json-smart-2.3.jar;E:\Maven\MavenRepository\net\minidev\accessors-smart\1.2\accessors-smart-1.2.jar;E:\Maven\MavenRepository\org\ow2\asm\asm\5.0.4\asm-5.0.4.jar;E:\Maven\MavenRepository\junit\junit\4.12\junit-4.12.jar;E:\Maven\MavenRepository\org\assertj\assertj-core\3.11.1\assertj-core-3.11.1.jar;E:\Maven\MavenRepository\org\mockito\mockito-core\2.23.0\mockito-core-2.23.0.jar;E:\Maven\MavenRepository\net\bytebuddy\byte-buddy\1.9.3\byte-buddy-1.9.3.jar;E:\Maven\MavenRepository\net\bytebuddy\byte-buddy-agent\1.9.3\byte-buddy-agent-1.9.3.jar;E:\Maven\MavenRepository\org\objenesis\objenesis\2.6\objenesis-2.6.jar;E:\Maven\MavenRepository\org\hamcrest\hamcrest-core\1.3\hamcrest-core-1.3.jar;E:\Maven\MavenRepository\org\hamcrest\hamcrest-library\1.3\hamcrest-library-1.3.jar;E:\Maven\MavenRepository\org\skyscreamer\jsonassert\1.5.0\jsonassert-1.5.0.jar;E:\Maven\MavenRepository\com\vaadin\external\google\android-json\0.0.20131108.vaadin1\android-json-0.0.20131108.vaadin1.jar;E:\Maven\MavenRepository\org\springframework\spring-core\5.1.2.RELEASE\spring-core-5.1.2.RELEASE.jar;E:\Maven\MavenRepository\org\springframework\spring-jcl\5.1.2.RELEASE\spring-jcl-5.1.2.RELEASE.jar;E:\Maven\MavenRepository\org\springframework\spring-test\5.1.2.RELEASE\spring-test-5.1.2.RELEASE.jar;E:\Maven\MavenRepository\org\xmlunit\xmlunit-core\2.6.2\xmlunit-core-2.6.2.jar;E:\Maven\MavenRepository\org\apache\shiro\shiro-core\1.3.2\shiro-core-1.3.2.jar;E:\Maven\MavenRepository\org\slf4j\slf4j-api\1.7.25\slf4j-api-1.7.25.jar;E:\Maven\MavenRepository\commons-beanutils\commons-beanutils\1.8.3\commons-beanutils-1.8.3.jar;E:\Maven\MavenRepository\org\apache\shiro\shiro-spring\1.3.2\shiro-spring-1.3.2.jar;E:\Maven\MavenRepository\org\apache\shiro\shiro-web\1.3.2\shiro-web-1.3.2.jar;E:\Maven\MavenRepository\com\github\binarywang\weixin-java-pay\3.7.0\weixin-java-pay-3.7.0.jar;E:\Maven\MavenRepository\com\github\binarywang\weixin-java-common\3.7.0\weixin-java-common-3.7.0.jar;E:\Maven\MavenRepository\com\thoughtworks\xstream\xstream\1.4.11.1\xstream-1.4.11.1.jar;E:\Maven\MavenRepository\xmlpull\xmlpull\1.1.3.1\xmlpull-1.1.3.1.jar;E:\Maven\MavenRepository\xpp3\xpp3_min\1.1.4c\xpp3_min-1.1.4c.jar;E:\Maven\MavenRepository\org\apache\httpcomponents\httpclient\4.5.6\httpclient-4.5.6.jar;E:\Maven\MavenRepository\org\apache\httpcomponents\httpcore\4.4.10\httpcore-4.4.10.jar;E:\Maven\MavenRepository\org\apache\httpcomponents\httpmime\4.5.6\httpmime-4.5.6.jar;E:\Maven\MavenRepository\org\slf4j\jcl-over-slf4j\1.7.25\jcl-over-slf4j-1.7.25.jar;E:\Maven\MavenRepository\com\google\code\gson\gson\2.8.5\gson-2.8.5.jar;E:\Maven\MavenRepository\commons-codec\commons-codec\1.11\commons-codec-1.11.jar;E:\Maven\MavenRepository\commons-io\commons-io\2.5\commons-io-2.5.jar;E:\Maven\MavenRepository\com\google\guava\guava\20.0\guava-20.0.jar;E:\Maven\MavenRepository\org\dom4j\dom4j\2.1.1\dom4j-2.1.1.jar;E:\Maven\MavenRepository\com\github\binarywang\qrcode-utils\1.1\qrcode-utils-1.1.jar;E:\Maven\MavenRepository\com\google\zxing\core\3.2.1\core-3.2.1.jar;E:\Maven\MavenRepository\org\jodd\jodd-http\3.7.1\jodd-http-3.7.1.jar;E:\Maven\MavenRepository\org\jodd\jodd-core\3.7.1\jodd-core-3.7.1.jar;E:\Maven\MavenRepository\org\jodd\jodd-upload\3.7.1\jodd-upload-3.7.1.jar;E:\Maven\MavenRepository\org\bouncycastle\bcpkix-jdk15on\1.59\bcpkix-jdk15on-1.59.jar;E:\Maven\MavenRepository\org\bouncycastle\bcprov-jdk15on\1.59\bcprov-jdk15on-1.59.jar;E:\Maven\MavenRepository\com\alibaba\druid\1.1.9\druid-1.1.9.jar;E:\Maven\MavenRepository\org\apache\commons\commons-lang3\3.7\commons-lang3-3.7.jar;E:\Maven\MavenRepository\commons-collections\commons-collections\3.2.2\commons-collections-3.2.2.jar;E:\Maven\MavenRepository\org\springframework\spring-context-support\5.0.8.RELEASE\spring-context-support-5.0.8.RELEASE.jar;E:\Maven\MavenRepository\org\springframework\spring-beans\5.1.2.RELEASE\spring-beans-5.1.2.RELEASE.jar;E:\Maven\MavenRepository\org\springframework\spring-context\5.1.2.RELEASE\spring-context-5.1.2.RELEASE.jar;E:\Maven\MavenRepository\org\apache\tomcat\embed\tomcat-embed-jasper\9.0.12\tomcat-embed-jasper-9.0.12.jar;E:\Maven\MavenRepository\org\apache\tomcat\embed\tomcat-embed-core\9.0.12\tomcat-embed-core-9.0.12.jar;E:\Maven\MavenRepository\org\apache\tomcat\tomcat-annotations-api\9.0.12\tomcat-annotations-api-9.0.12.jar;E:\Maven\MavenRepository\org\apache\tomcat\embed\tomcat-embed-el\9.0.12\tomcat-embed-el-9.0.12.jar;E:\Maven\MavenRepository\org\eclipse\jdt\ecj\3.13.102\ecj-3.13.102.jar;E:\Maven\MavenRepository\javax\servlet\javax.servlet-api\4.0.1\javax.servlet-api-4.0.1.jar;E:\Maven\MavenRepository\javax\servlet\jstl\1.2\jstl-1.2.jar;E:\Maven\MavenRepository\org\springframework\boot\spring-boot-starter-thymeleaf\2.1.0.RELEASE\spring-boot-starter-thymeleaf-2.1.0.RELEASE.jar;E:\Maven\MavenRepository\org\thymeleaf\thymeleaf-spring5\3.0.11.RELEASE\thymeleaf-spring5-3.0.11.RELEASE.jar;E:\Maven\MavenRepository\org\thymeleaf\thymeleaf\3.0.11.RELEASE\thymeleaf-3.0.11.RELEASE.jar;E:\Maven\MavenRepository\org\attoparser\attoparser\2.0.5.RELEASE\attoparser-2.0.5.RELEASE.jar;E:\Maven\MavenRepository\org\unbescape\unbescape\1.1.6.RELEASE\unbescape-1.1.6.RELEASE.jar;E:\Maven\MavenRepository\org\thymeleaf\extras\thymeleaf-extras-java8time\3.0.1.RELEASE\thymeleaf-extras-java8time-3.0.1.RELEASE.jar;E:\Maven\MavenRepository\com\github\pagehelper\pagehelper-spring-boot-starter\1.2.10\pagehelper-spring-boot-starter-1.2.10.jar;E:\Maven\MavenRepository\com\github\pagehelper\pagehelper-spring-boot-autoconfigure\1.2.10\pagehelper-spring-boot-autoconfigure-1.2.10.jar;E:\Maven\MavenRepository\com\github\pagehelper\pagehelper\5.1.8\pagehelper-5.1.8.jar;E:\Maven\MavenRepository\com\github\jsqlparser\jsqlparser\1.2\jsqlparser-1.2.jar;"/>
    <property name="java.vm.vendor" value="Oracle Corporation"/>
    <property name="sun.arch.data.model" value="64"/>
    <property name="user.variant" value=""/>
    <property name="java.vendor.url" value="http://java.oracle.com/"/>
    <property name="user.timezone" value="Asia/Shanghai"/>
    <property name="java.vm.specification.version" value="1.8"/>
    <property name="os.name" value="Windows 10"/>
    <property name="user.country" value="CN"/>
    <property name="sun.java.launcher" value="SUN_STANDARD"/>
    <property name="sun.boot.library.path" value="D:\Program Files\Java\jdk1.8.0_91\jre\bin"/>
    <property name="sun.java.command" value="C:\Users\ADMINI~1.WIN\AppData\Local\Temp\surefire3662287367982728345\surefirebooter8250182967342711363.jar C:\Users\Administrator.WIN-IHVBI18K8J9\AppData\Local\Temp\surefire3662287367982728345 2020-10-20T16-57-10_318-jvmRun1 surefire940103185880640061tmp surefire_04679839349541466071tmp"/>
    <property name="surefire.test.class.path" value="C:\Users\Administrator.WIN-IHVBI18K8J9\Desktop\25000725\shiro\target\test-classes;C:\Users\Administrator.WIN-IHVBI18K8J9\Desktop\25000725\shiro\target\classes;E:\Maven\MavenRepository\org\springframework\boot\spring-boot-starter-web\2.1.0.RELEASE\spring-boot-starter-web-2.1.0.RELEASE.jar;E:\Maven\MavenRepository\org\springframework\boot\spring-boot-starter\2.1.0.RELEASE\spring-boot-starter-2.1.0.RELEASE.jar;E:\Maven\MavenRepository\org\springframework\boot\spring-boot\2.1.0.RELEASE\spring-boot-2.1.0.RELEASE.jar;E:\Maven\MavenRepository\org\springframework\boot\spring-boot-autoconfigure\2.1.0.RELEASE\spring-boot-autoconfigure-2.1.0.RELEASE.jar;E:\Maven\MavenRepository\org\springframework\boot\spring-boot-starter-logging\2.1.0.RELEASE\spring-boot-starter-logging-2.1.0.RELEASE.jar;E:\Maven\MavenRepository\ch\qos\logback\logback-classic\1.2.3\logback-classic-1.2.3.jar;E:\Maven\MavenRepository\ch\qos\logback\logback-core\1.2.3\logback-core-1.2.3.jar;E:\Maven\MavenRepository\org\apache\logging\log4j\log4j-to-slf4j\2.11.1\log4j-to-slf4j-2.11.1.jar;E:\Maven\MavenRepository\org\apache\logging\log4j\log4j-api\2.11.1\log4j-api-2.11.1.jar;E:\Maven\MavenRepository\org\slf4j\jul-to-slf4j\1.7.25\jul-to-slf4j-1.7.25.jar;E:\Maven\MavenRepository\javax\annotation\javax.annotation-api\1.3.2\javax.annotation-api-1.3.2.jar;E:\Maven\MavenRepository\org\yaml\snakeyaml\1.23\snakeyaml-1.23.jar;E:\Maven\MavenRepository\org\springframework\boot\spring-boot-starter-json\2.1.0.RELEASE\spring-boot-starter-json-2.1.0.RELEASE.jar;E:\Maven\MavenRepository\com\fasterxml\jackson\core\jackson-databind\2.9.7\jackson-databind-2.9.7.jar;E:\Maven\MavenRepository\com\fasterxml\jackson\core\jackson-annotations\2.9.0\jackson-annotations-2.9.0.jar;E:\Maven\MavenRepository\com\fasterxml\jackson\core\jackson-core\2.9.7\jackson-core-2.9.7.jar;E:\Maven\MavenRepository\com\fasterxml\jackson\datatype\jackson-datatype-jdk8\2.9.7\jackson-datatype-jdk8-2.9.7.jar;E:\Maven\MavenRepository\com\fasterxml\jackson\datatype\jackson-datatype-jsr310\2.9.7\jackson-datatype-jsr310-2.9.7.jar;E:\Maven\MavenRepository\com\fasterxml\jackson\module\jackson-module-parameter-names\2.9.7\jackson-module-parameter-names-2.9.7.jar;E:\Maven\MavenRepository\org\springframework\boot\spring-boot-starter-tomcat\2.1.0.RELEASE\spring-boot-starter-tomcat-2.1.0.RELEASE.jar;E:\Maven\MavenRepository\org\apache\tomcat\embed\tomcat-embed-websocket\9.0.12\tomcat-embed-websocket-9.0.12.jar;E:\Maven\MavenRepository\org\hibernate\validator\hibernate-validator\6.0.13.Final\hibernate-validator-6.0.13.Final.jar;E:\Maven\MavenRepository\javax\validation\validation-api\2.0.1.Final\validation-api-2.0.1.Final.jar;E:\Maven\MavenRepository\org\jboss\logging\jboss-logging\3.3.2.Final\jboss-logging-3.3.2.Final.jar;E:\Maven\MavenRepository\com\fasterxml\classmate\1.4.0\classmate-1.4.0.jar;E:\Maven\MavenRepository\org\springframework\spring-web\5.1.2.RELEASE\spring-web-5.1.2.RELEASE.jar;E:\Maven\MavenRepository\org\springframework\spring-webmvc\5.1.2.RELEASE\spring-webmvc-5.1.2.RELEASE.jar;E:\Maven\MavenRepository\org\springframework\spring-aop\5.1.2.RELEASE\spring-aop-5.1.2.RELEASE.jar;E:\Maven\MavenRepository\org\springframework\spring-expression\5.1.2.RELEASE\spring-expression-5.1.2.RELEASE.jar;E:\Maven\MavenRepository\org\mybatis\spring\boot\mybatis-spring-boot-starter\1.3.2\mybatis-spring-boot-starter-1.3.2.jar;E:\Maven\MavenRepository\org\springframework\boot\spring-boot-starter-jdbc\2.1.0.RELEASE\spring-boot-starter-jdbc-2.1.0.RELEASE.jar;E:\Maven\MavenRepository\com\zaxxer\HikariCP\3.2.0\HikariCP-3.2.0.jar;E:\Maven\MavenRepository\org\springframework\spring-jdbc\5.1.2.RELEASE\spring-jdbc-5.1.2.RELEASE.jar;E:\Maven\MavenRepository\org\springframework\spring-tx\5.1.2.RELEASE\spring-tx-5.1.2.RELEASE.jar;E:\Maven\MavenRepository\org\mybatis\spring\boot\mybatis-spring-boot-autoconfigure\1.3.2\mybatis-spring-boot-autoconfigure-1.3.2.jar;E:\Maven\MavenRepository\org\mybatis\mybatis\3.4.6\mybatis-3.4.6.jar;E:\Maven\MavenRepository\org\mybatis\mybatis-spring\1.3.2\mybatis-spring-1.3.2.jar;E:\Maven\MavenRepository\com\alipay\sdk\alipay-sdk-java\3.7.4.ALL\alipay-sdk-java-3.7.4.ALL.jar;E:\Maven\MavenRepository\commons-logging\commons-logging\1.1.1\commons-logging-1.1.1.jar;E:\Maven\MavenRepository\mysql\mysql-connector-java\5.1.46\mysql-connector-java-5.1.46.jar;E:\Maven\MavenRepository\org\projectlombok\lombok\1.18.2\lombok-1.18.2.jar;E:\Maven\MavenRepository\org\springframework\boot\spring-boot-starter-test\2.1.0.RELEASE\spring-boot-starter-test-2.1.0.RELEASE.jar;E:\Maven\MavenRepository\org\springframework\boot\spring-boot-test\2.1.0.RELEASE\spring-boot-test-2.1.0.RELEASE.jar;E:\Maven\MavenRepository\org\springframework\boot\spring-boot-test-autoconfigure\2.1.0.RELEASE\spring-boot-test-autoconfigure-2.1.0.RELEASE.jar;E:\Maven\MavenRepository\com\jayway\jsonpath\json-path\2.4.0\json-path-2.4.0.jar;E:\Maven\MavenRepository\net\minidev\json-smart\2.3\json-smart-2.3.jar;E:\Maven\MavenRepository\net\minidev\accessors-smart\1.2\accessors-smart-1.2.jar;E:\Maven\MavenRepository\org\ow2\asm\asm\5.0.4\asm-5.0.4.jar;E:\Maven\MavenRepository\junit\junit\4.12\junit-4.12.jar;E:\Maven\MavenRepository\org\assertj\assertj-core\3.11.1\assertj-core-3.11.1.jar;E:\Maven\MavenRepository\org\mockito\mockito-core\2.23.0\mockito-core-2.23.0.jar;E:\Maven\MavenRepository\net\bytebuddy\byte-buddy\1.9.3\byte-buddy-1.9.3.jar;E:\Maven\MavenRepository\net\bytebuddy\byte-buddy-agent\1.9.3\byte-buddy-agent-1.9.3.jar;E:\Maven\MavenRepository\org\objenesis\objenesis\2.6\objenesis-2.6.jar;E:\Maven\MavenRepository\org\hamcrest\hamcrest-core\1.3\hamcrest-core-1.3.jar;E:\Maven\MavenRepository\org\hamcrest\hamcrest-library\1.3\hamcrest-library-1.3.jar;E:\Maven\MavenRepository\org\skyscreamer\jsonassert\1.5.0\jsonassert-1.5.0.jar;E:\Maven\MavenRepository\com\vaadin\external\google\android-json\0.0.20131108.vaadin1\android-json-0.0.20131108.vaadin1.jar;E:\Maven\MavenRepository\org\springframework\spring-core\5.1.2.RELEASE\spring-core-5.1.2.RELEASE.jar;E:\Maven\MavenRepository\org\springframework\spring-jcl\5.1.2.RELEASE\spring-jcl-5.1.2.RELEASE.jar;E:\Maven\MavenRepository\org\springframework\spring-test\5.1.2.RELEASE\spring-test-5.1.2.RELEASE.jar;E:\Maven\MavenRepository\org\xmlunit\xmlunit-core\2.6.2\xmlunit-core-2.6.2.jar;E:\Maven\MavenRepository\org\apache\shiro\shiro-core\1.3.2\shiro-core-1.3.2.jar;E:\Maven\MavenRepository\org\slf4j\slf4j-api\1.7.25\slf4j-api-1.7.25.jar;E:\Maven\MavenRepository\commons-beanutils\commons-beanutils\1.8.3\commons-beanutils-1.8.3.jar;E:\Maven\MavenRepository\org\apache\shiro\shiro-spring\1.3.2\shiro-spring-1.3.2.jar;E:\Maven\MavenRepository\org\apache\shiro\shiro-web\1.3.2\shiro-web-1.3.2.jar;E:\Maven\MavenRepository\com\github\binarywang\weixin-java-pay\3.7.0\weixin-java-pay-3.7.0.jar;E:\Maven\MavenRepository\com\github\binarywang\weixin-java-common\3.7.0\weixin-java-common-3.7.0.jar;E:\Maven\MavenRepository\com\thoughtworks\xstream\xstream\1.4.11.1\xstream-1.4.11.1.jar;E:\Maven\MavenRepository\xmlpull\xmlpull\1.1.3.1\xmlpull-1.1.3.1.jar;E:\Maven\MavenRepository\xpp3\xpp3_min\1.1.4c\xpp3_min-1.1.4c.jar;E:\Maven\MavenRepository\org\apache\httpcomponents\httpclient\4.5.6\httpclient-4.5.6.jar;E:\Maven\MavenRepository\org\apache\httpcomponents\httpcore\4.4.10\httpcore-4.4.10.jar;E:\Maven\MavenRepository\org\apache\httpcomponents\httpmime\4.5.6\httpmime-4.5.6.jar;E:\Maven\MavenRepository\org\slf4j\jcl-over-slf4j\1.7.25\jcl-over-slf4j-1.7.25.jar;E:\Maven\MavenRepository\com\google\code\gson\gson\2.8.5\gson-2.8.5.jar;E:\Maven\MavenRepository\commons-codec\commons-codec\1.11\commons-codec-1.11.jar;E:\Maven\MavenRepository\commons-io\commons-io\2.5\commons-io-2.5.jar;E:\Maven\MavenRepository\com\google\guava\guava\20.0\guava-20.0.jar;E:\Maven\MavenRepository\org\dom4j\dom4j\2.1.1\dom4j-2.1.1.jar;E:\Maven\MavenRepository\com\github\binarywang\qrcode-utils\1.1\qrcode-utils-1.1.jar;E:\Maven\MavenRepository\com\google\zxing\core\3.2.1\core-3.2.1.jar;E:\Maven\MavenRepository\org\jodd\jodd-http\3.7.1\jodd-http-3.7.1.jar;E:\Maven\MavenRepository\org\jodd\jodd-core\3.7.1\jodd-core-3.7.1.jar;E:\Maven\MavenRepository\org\jodd\jodd-upload\3.7.1\jodd-upload-3.7.1.jar;E:\Maven\MavenRepository\org\bouncycastle\bcpkix-jdk15on\1.59\bcpkix-jdk15on-1.59.jar;E:\Maven\MavenRepository\org\bouncycastle\bcprov-jdk15on\1.59\bcprov-jdk15on-1.59.jar;E:\Maven\MavenRepository\com\alibaba\druid\1.1.9\druid-1.1.9.jar;E:\Maven\MavenRepository\org\apache\commons\commons-lang3\3.7\commons-lang3-3.7.jar;E:\Maven\MavenRepository\commons-collections\commons-collections\3.2.2\commons-collections-3.2.2.jar;E:\Maven\MavenRepository\org\springframework\spring-context-support\5.0.8.RELEASE\spring-context-support-5.0.8.RELEASE.jar;E:\Maven\MavenRepository\org\springframework\spring-beans\5.1.2.RELEASE\spring-beans-5.1.2.RELEASE.jar;E:\Maven\MavenRepository\org\springframework\spring-context\5.1.2.RELEASE\spring-context-5.1.2.RELEASE.jar;E:\Maven\MavenRepository\org\apache\tomcat\embed\tomcat-embed-jasper\9.0.12\tomcat-embed-jasper-9.0.12.jar;E:\Maven\MavenRepository\org\apache\tomcat\embed\tomcat-embed-core\9.0.12\tomcat-embed-core-9.0.12.jar;E:\Maven\MavenRepository\org\apache\tomcat\tomcat-annotations-api\9.0.12\tomcat-annotations-api-9.0.12.jar;E:\Maven\MavenRepository\org\apache\tomcat\embed\tomcat-embed-el\9.0.12\tomcat-embed-el-9.0.12.jar;E:\Maven\MavenRepository\org\eclipse\jdt\ecj\3.13.102\ecj-3.13.102.jar;E:\Maven\MavenRepository\javax\servlet\javax.servlet-api\4.0.1\javax.servlet-api-4.0.1.jar;E:\Maven\MavenRepository\javax\servlet\jstl\1.2\jstl-1.2.jar;E:\Maven\MavenRepository\org\springframework\boot\spring-boot-starter-thymeleaf\2.1.0.RELEASE\spring-boot-starter-thymeleaf-2.1.0.RELEASE.jar;E:\Maven\MavenRepository\org\thymeleaf\thymeleaf-spring5\3.0.11.RELEASE\thymeleaf-spring5-3.0.11.RELEASE.jar;E:\Maven\MavenRepository\org\thymeleaf\thymeleaf\3.0.11.RELEASE\thymeleaf-3.0.11.RELEASE.jar;E:\Maven\MavenRepository\org\attoparser\attoparser\2.0.5.RELEASE\attoparser-2.0.5.RELEASE.jar;E:\Maven\MavenRepository\org\unbescape\unbescape\1.1.6.RELEASE\unbescape-1.1.6.RELEASE.jar;E:\Maven\MavenRepository\org\thymeleaf\extras\thymeleaf-extras-java8time\3.0.1.RELEASE\thymeleaf-extras-java8time-3.0.1.RELEASE.jar;E:\Maven\MavenRepository\com\github\pagehelper\pagehelper-spring-boot-starter\1.2.10\pagehelper-spring-boot-starter-1.2.10.jar;E:\Maven\MavenRepository\com\github\pagehelper\pagehelper-spring-boot-autoconfigure\1.2.10\pagehelper-spring-boot-autoconfigure-1.2.10.jar;E:\Maven\MavenRepository\com\github\pagehelper\pagehelper\5.1.8\pagehelper-5.1.8.jar;E:\Maven\MavenRepository\com\github\jsqlparser\jsqlparser\1.2\jsqlparser-1.2.jar;"/>
    <property name="sun.cpu.endian" value="little"/>
    <property name="user.home" value="C:\Users\Administrator.WIN-IHVBI18K8J9"/>
    <property name="user.language" value="zh"/>
    <property name="java.specification.vendor" value="Oracle Corporation"/>
    <property name="java.home" value="D:\Program Files\Java\jdk1.8.0_91\jre"/>
    <property name="basedir" value="C:\Users\Administrator.WIN-IHVBI18K8J9\Desktop\25000725\shiro"/>
    <property name="file.separator" value="\"/>
    <property name="line.separator" value="&#10;"/>
    <property name="java.vm.specification.vendor" value="Oracle Corporation"/>
    <property name="java.specification.name" value="Java Platform API Specification"/>
    <property name="java.awt.graphicsenv" value="sun.awt.Win32GraphicsEnvironment"/>
    <property name="surefire.real.class.path" value="C:\Users\ADMINI~1.WIN\AppData\Local\Temp\surefire3662287367982728345\surefirebooter8250182967342711363.jar"/>
    <property name="sun.boot.class.path" value="D:\Program Files\Java\jdk1.8.0_91\jre\lib\resources.jar;D:\Program Files\Java\jdk1.8.0_91\jre\lib\rt.jar;D:\Program Files\Java\jdk1.8.0_91\jre\lib\sunrsasign.jar;D:\Program Files\Java\jdk1.8.0_91\jre\lib\jsse.jar;D:\Program Files\Java\jdk1.8.0_91\jre\lib\jce.jar;D:\Program Files\Java\jdk1.8.0_91\jre\lib\charsets.jar;D:\Program Files\Java\jdk1.8.0_91\jre\lib\jfr.jar;D:\Program Files\Java\jdk1.8.0_91\jre\classes"/>
    <property name="user.script" value=""/>
    <property name="sun.management.compiler" value="HotSpot 64-Bit Tiered Compilers"/>
    <property name="java.runtime.version" value="1.8.0_91-b15"/>
    <property name="user.name" value="Administrator"/>
    <property name="path.separator" value=";"/>
    <property name="os.version" value="10.0"/>
    <property name="java.endorsed.dirs" value="D:\Program Files\Java\jdk1.8.0_91\jre\lib\endorsed"/>
    <property name="java.runtime.name" value="Java(TM) SE Runtime Environment"/>
    <property name="file.encoding" value="GBK"/>
    <property name="java.vm.name" value="Java HotSpot(TM) 64-Bit Server VM"/>
    <property name="localRepository" value="E:\Maven\MavenRepository"/>
    <property name="java.vendor.url.bug" value="http://bugreport.sun.com/bugreport/"/>
    <property name="java.io.tmpdir" value="C:\Users\ADMINI~1.WIN\AppData\Local\Temp\"/>
    <property name="java.version" value="1.8.0_91"/>
    <property name="user.dir" value="C:\Users\Administrator.WIN-IHVBI18K8J9\Desktop\25000725\shiro"/>
    <property name="os.arch" value="amd64"/>
    <property name="java.vm.specification.name" value="Java Virtual Machine Specification"/>
    <property name="java.awt.printerjob" value="sun.awt.windows.WPrinterJob"/>
    <property name="sun.os.patch.level" value=""/>
    <property name="idea.version2019.3.3" value="true"/>
    <property name="java.library.path" value="D:\Program Files\Java\jdk1.8.0_91\jre\bin;C:\Windows\Sun\Java\bin;C:\Windows\system32;C:\Windows;C:\ProgramData\Oracle\Java\javapath;C:\Windows\system32;C:\Windows;C:\Windows\System32\Wbem;C:\Windows\System32\WindowsPowerShell\v1.0\;C:\Windows\System32\OpenSSH\;C:\Program Files (x86)\NVIDIA Corporation\PhysX\Common;C:\Program Files\NVIDIA Corporation\NVIDIA NvDLISR;C:\Program Files\Intel\WiFi\bin\;C:\Program Files\Common Files\Intel\WirelessCommon\;D:\Program Files\Java\apache-tomcat-8.0.46\bin;D:\Program Files\Java\apache-tomcat-8.0.46\lib;E:\Maven\apache-maven-3.52\apache-maven-3.5.2\bin\;C:\Program Files (x86)\Git\cmd;C:\Program Files\Common Files\Autodesk Shared\;D:\Program Files\apache-ant-1.9.15\bin;D:\Program Files\nodejs\;C:\ProgramData\chocolatey\bin;C:\Python38\;C:\Python38\Scripts;D:\Program Files\Java\jdk1.8.0_91\bin;D:\Program Files\Java\jdk1.8.0_91\jre\bin;D:\Program Files\Python\Python38\Scripts\;D:\Program Files\Python\Python38\;C:\Users\Administrator.WIN-IHVBI18K8J9\AppData\Local\Microsoft\WindowsApps;C:\Program Files\Intel\WiFi\bin\;C:\Program Files\Common Files\Intel\WirelessCommon\;C:\Users\Administrator.WIN-IHVBI18K8J9\AppData\Roaming\npm;D:\Program Files\Microsoft VS Code\bin;."/>
    <property name="java.vm.info" value="mixed mode"/>
    <property name="java.vendor" value="Oracle Corporation"/>
    <property name="java.vm.version" value="25.91-b15"/>
    <property name="java.ext.dirs" value="D:\Program Files\Java\jdk1.8.0_91\jre\lib\ext;C:\Windows\Sun\Java\lib\ext"/>
    <property name="sun.io.unicode.encoding" value="UnicodeLittle"/>
    <property name="maven.repo.local" value="E:\Maven\MavenRepository"/>
    <property name="java.class.version" value="52.0"/>
  </properties>
  <testcase name="contextLoads" classname="com.shiro.demo.DemoApplicationTests" time="0.846"/>
</testsuite>